<?xml version="1.0" encoding="UTF-8"?>
<!-- Generated by org.testng.reporters.JUnitReportReporter -->
<testsuite hostname="Tohidurs-Air" failures="0" tests="1" name="FunctionalTesting.getRequestAutomation" time="5.297" errors="0" timestamp="2022-09-10T17:11:53 BST" skipped="0">
  <testcase classname="FunctionalTesting.getRequestAutomation" name="getrequestautomation" time="5.297"/>
  <system-out/>
</testsuite> <!-- FunctionalTesting.getRequestAutomation -->
