<?xml version="1.0" encoding="UTF-8"?>
<!-- Generated by org.testng.reporters.JUnitReportReporter -->
<testsuite hostname="Tohidurs-MacBook-Air.local" failures="0" tests="1" name="studentApi.LoginTest" time="0.013" errors="0" timestamp="2021-01-22T19:53:33 GMT" skipped="0">
  <testcase classname="studentApi.LoginTest" name="loginTest" time="0.013"/>
  <system-out/>
</testsuite> <!-- studentApi.LoginTest -->
